2025-11-04 11:46:40,105 - INFO - Received request - formula: test..., spreadsheet_url: test...
2025-11-04 11:46:40,105 - INFO - Starting USPTO data scraping...
2025-11-04 11:46:40,113 - ERROR - Task exception was never retrieved
future: <Task finished name='Task-9' coro=<Connection.run() done, defined at C:\Users\Mujtabaa\AppData\Roaming\Python\Python314\site-packages\playwright\_impl\_connection.py:303> exception=NotImplementedError()>
Traceback (most recent call last):
  File "C:\Users\Mujtabaa\AppData\Roaming\Python\Python314\site-packages\playwright\_impl\_connection.py", line 310, in run
    await self._transport.connect()
  File "C:\Users\Mujtabaa\AppData\Roaming\Python\Python314\site-packages\playwright\_impl\_transport.py", line 133, in connect
    raise exc
  File "C:\Users\Mujtabaa\AppData\Roaming\Python\Python314\site-packages\playwright\_impl\_transport.py", line 120, in connect
    self._proc = await asyncio.create_subprocess_exec(
                 ^^^^^^^^^^^^^^^^^^^^^^^^^^^^^^^^^^^^^
    ...<9 lines>...
    )
    ^
  File "C:\Python314\Lib\asyncio\subprocess.py", line 224, in create_subprocess_exec
    transport, protocol = await loop.subprocess_exec(
                          ^^^^^^^^^^^^^^^^^^^^^^^^^^^
    ...<3 lines>...
        stderr=stderr, **kwds)
        ^^^^^^^^^^^^^^^^^^^^^^
  File "C:\Python314\Lib\asyncio\base_events.py", line 1798, in subprocess_exec
    transport = await self._make_subprocess_transport(
                ^^^^^^^^^^^^^^^^^^^^^^^^^^^^^^^^^^^^^^
        protocol, popen_args, False, stdin, stdout, stderr,
        ^^^^^^^^^^^^^^^^^^^^^^^^^^^^^^^^^^^^^^^^^^^^^^^^^^^
        bufsize, **kwargs)
        ^^^^^^^^^^^^^^^^^^
  File "C:\Python314\Lib\asyncio\base_events.py", line 533, in _make_subprocess_transport
    raise NotImplementedError
NotImplementedError
2025-11-04 11:46:40,127 - ERROR - ERROR in scrape_trademarks: Exception type: NotImplementedError
2025-11-04 11:47:18,587 - INFO - Received request - formula: test..., spreadsheet_url: https://docs.google.com/spreadsheets/d/test123...
2025-11-04 11:47:18,587 - INFO - Starting USPTO data scraping...
2025-11-04 11:47:18,588 - ERROR - Task exception was never retrieved
future: <Task finished name='Task-12' coro=<Connection.run() done, defined at C:\Users\Mujtabaa\AppData\Roaming\Python\Python314\site-packages\playwright\_impl\_connection.py:303> exception=NotImplementedError()>
Traceback (most recent call last):
  File "C:\Users\Mujtabaa\AppData\Roaming\Python\Python314\site-packages\playwright\_impl\_connection.py", line 310, in run
    await self._transport.connect()
  File "C:\Users\Mujtabaa\AppData\Roaming\Python\Python314\site-packages\playwright\_impl\_transport.py", line 133, in connect
    raise exc
  File "C:\Users\Mujtabaa\AppData\Roaming\Python\Python314\site-packages\playwright\_impl\_transport.py", line 120, in connect
    self._proc = await asyncio.create_subprocess_exec(
                 ^^^^^^^^^^^^^^^^^^^^^^^^^^^^^^^^^^^^^
    ...<9 lines>...
    )
    ^
  File "C:\Python314\Lib\asyncio\subprocess.py", line 224, in create_subprocess_exec
    transport, protocol = await loop.subprocess_exec(
                          ^^^^^^^^^^^^^^^^^^^^^^^^^^^
    ...<3 lines>...
        stderr=stderr, **kwds)
        ^^^^^^^^^^^^^^^^^^^^^^
  File "C:\Python314\Lib\asyncio\base_events.py", line 1798, in subprocess_exec
    transport = await self._make_subprocess_transport(
                ^^^^^^^^^^^^^^^^^^^^^^^^^^^^^^^^^^^^^^
        protocol, popen_args, False, stdin, stdout, stderr,
        ^^^^^^^^^^^^^^^^^^^^^^^^^^^^^^^^^^^^^^^^^^^^^^^^^^^
        bufsize, **kwargs)
        ^^^^^^^^^^^^^^^^^^
  File "C:\Python314\Lib\asyncio\base_events.py", line 533, in _make_subprocess_transport
    raise NotImplementedError
NotImplementedError
2025-11-04 11:47:18,590 - ERROR - ERROR in scrape_trademarks: Exception type: NotImplementedError
2025-11-04 11:47:44,215 - INFO - Received request - formula: test..., spreadsheet_url: https://docs.google.com/spreadsheets/d/test123...
2025-11-04 11:47:44,215 - INFO - Starting USPTO data scraping...
2025-11-04 11:47:44,216 - ERROR - Task exception was never retrieved
future: <Task finished name='Task-15' coro=<Connection.run() done, defined at C:\Users\Mujtabaa\AppData\Roaming\Python\Python314\site-packages\playwright\_impl\_connection.py:303> exception=NotImplementedError()>
Traceback (most recent call last):
  File "C:\Users\Mujtabaa\AppData\Roaming\Python\Python314\site-packages\playwright\_impl\_connection.py", line 310, in run
    await self._transport.connect()
  File "C:\Users\Mujtabaa\AppData\Roaming\Python\Python314\site-packages\playwright\_impl\_transport.py", line 133, in connect
    raise exc
  File "C:\Users\Mujtabaa\AppData\Roaming\Python\Python314\site-packages\playwright\_impl\_transport.py", line 120, in connect
    self._proc = await asyncio.create_subprocess_exec(
                 ^^^^^^^^^^^^^^^^^^^^^^^^^^^^^^^^^^^^^
    ...<9 lines>...
    )
    ^
  File "C:\Python314\Lib\asyncio\subprocess.py", line 224, in create_subprocess_exec
    transport, protocol = await loop.subprocess_exec(
                          ^^^^^^^^^^^^^^^^^^^^^^^^^^^
    ...<3 lines>...
        stderr=stderr, **kwds)
        ^^^^^^^^^^^^^^^^^^^^^^
  File "C:\Python314\Lib\asyncio\base_events.py", line 1798, in subprocess_exec
    transport = await self._make_subprocess_transport(
                ^^^^^^^^^^^^^^^^^^^^^^^^^^^^^^^^^^^^^^
        protocol, popen_args, False, stdin, stdout, stderr,
        ^^^^^^^^^^^^^^^^^^^^^^^^^^^^^^^^^^^^^^^^^^^^^^^^^^^
        bufsize, **kwargs)
        ^^^^^^^^^^^^^^^^^^
  File "C:\Python314\Lib\asyncio\base_events.py", line 533, in _make_subprocess_transport
    raise NotImplementedError
NotImplementedError
2025-11-04 11:47:44,218 - ERROR - ERROR in scrape_trademarks: Exception type: NotImplementedError
2025-11-04 11:48:03,473 - INFO - Received request - formula: test..., spreadsheet_url: https://docs.google.com/spreadsheets/d/test123...
2025-11-04 11:48:03,473 - INFO - Starting USPTO data scraping...
2025-11-04 11:48:03,474 - ERROR - Task exception was never retrieved
future: <Task finished name='Task-18' coro=<Connection.run() done, defined at C:\Users\Mujtabaa\AppData\Roaming\Python\Python314\site-packages\playwright\_impl\_connection.py:303> exception=NotImplementedError()>
Traceback (most recent call last):
  File "C:\Users\Mujtabaa\AppData\Roaming\Python\Python314\site-packages\playwright\_impl\_connection.py", line 310, in run
    await self._transport.connect()
  File "C:\Users\Mujtabaa\AppData\Roaming\Python\Python314\site-packages\playwright\_impl\_transport.py", line 133, in connect
    raise exc
  File "C:\Users\Mujtabaa\AppData\Roaming\Python\Python314\site-packages\playwright\_impl\_transport.py", line 120, in connect
    self._proc = await asyncio.create_subprocess_exec(
                 ^^^^^^^^^^^^^^^^^^^^^^^^^^^^^^^^^^^^^
    ...<9 lines>...
    )
    ^
  File "C:\Python314\Lib\asyncio\subprocess.py", line 224, in create_subprocess_exec
    transport, protocol = await loop.subprocess_exec(
                          ^^^^^^^^^^^^^^^^^^^^^^^^^^^
    ...<3 lines>...
        stderr=stderr, **kwds)
        ^^^^^^^^^^^^^^^^^^^^^^
  File "C:\Python314\Lib\asyncio\base_events.py", line 1798, in subprocess_exec
    transport = await self._make_subprocess_transport(
                ^^^^^^^^^^^^^^^^^^^^^^^^^^^^^^^^^^^^^^
        protocol, popen_args, False, stdin, stdout, stderr,
        ^^^^^^^^^^^^^^^^^^^^^^^^^^^^^^^^^^^^^^^^^^^^^^^^^^^
        bufsize, **kwargs)
        ^^^^^^^^^^^^^^^^^^
  File "C:\Python314\Lib\asyncio\base_events.py", line 533, in _make_subprocess_transport
    raise NotImplementedError
NotImplementedError
2025-11-04 11:48:03,475 - ERROR - ERROR in scrape_trademarks: Exception type: NotImplementedError
2025-11-04 11:48:39,846 - INFO - Received request - formula: test..., spreadsheet_url: https://docs.google.com/spreadsheets/d/test123...
2025-11-04 11:48:39,846 - INFO - Starting USPTO data scraping...
2025-11-04 11:48:39,847 - ERROR - Task exception was never retrieved
future: <Task finished name='Task-21' coro=<Connection.run() done, defined at C:\Users\Mujtabaa\AppData\Roaming\Python\Python314\site-packages\playwright\_impl\_connection.py:303> exception=NotImplementedError()>
Traceback (most recent call last):
  File "C:\Users\Mujtabaa\AppData\Roaming\Python\Python314\site-packages\playwright\_impl\_connection.py", line 310, in run
    await self._transport.connect()
  File "C:\Users\Mujtabaa\AppData\Roaming\Python\Python314\site-packages\playwright\_impl\_transport.py", line 133, in connect
    raise exc
  File "C:\Users\Mujtabaa\AppData\Roaming\Python\Python314\site-packages\playwright\_impl\_transport.py", line 120, in connect
    self._proc = await asyncio.create_subprocess_exec(
                 ^^^^^^^^^^^^^^^^^^^^^^^^^^^^^^^^^^^^^
    ...<9 lines>...
    )
    ^
  File "C:\Python314\Lib\asyncio\subprocess.py", line 224, in create_subprocess_exec
    transport, protocol = await loop.subprocess_exec(
                          ^^^^^^^^^^^^^^^^^^^^^^^^^^^
    ...<3 lines>...
        stderr=stderr, **kwds)
        ^^^^^^^^^^^^^^^^^^^^^^
  File "C:\Python314\Lib\asyncio\base_events.py", line 1798, in subprocess_exec
    transport = await self._make_subprocess_transport(
                ^^^^^^^^^^^^^^^^^^^^^^^^^^^^^^^^^^^^^^
        protocol, popen_args, False, stdin, stdout, stderr,
        ^^^^^^^^^^^^^^^^^^^^^^^^^^^^^^^^^^^^^^^^^^^^^^^^^^^
        bufsize, **kwargs)
        ^^^^^^^^^^^^^^^^^^
  File "C:\Python314\Lib\asyncio\base_events.py", line 533, in _make_subprocess_transport
    raise NotImplementedError
NotImplementedError
2025-11-04 11:48:39,849 - ERROR - ERROR in scrape_trademarks: Exception type: NotImplementedError
2025-11-04 11:49:11,816 - INFO - Received request - formula: test..., spreadsheet_url: https://docs.google.com/spreadsheets/d/test123...
2025-11-04 11:49:11,816 - INFO - Starting USPTO data scraping...
2025-11-04 11:49:11,817 - ERROR - Task exception was never retrieved
future: <Task finished name='Task-24' coro=<Connection.run() done, defined at C:\Users\Mujtabaa\AppData\Roaming\Python\Python314\site-packages\playwright\_impl\_connection.py:303> exception=NotImplementedError()>
Traceback (most recent call last):
  File "C:\Users\Mujtabaa\AppData\Roaming\Python\Python314\site-packages\playwright\_impl\_connection.py", line 310, in run
    await self._transport.connect()
  File "C:\Users\Mujtabaa\AppData\Roaming\Python\Python314\site-packages\playwright\_impl\_transport.py", line 133, in connect
    raise exc
  File "C:\Users\Mujtabaa\AppData\Roaming\Python\Python314\site-packages\playwright\_impl\_transport.py", line 120, in connect
    self._proc = await asyncio.create_subprocess_exec(
                 ^^^^^^^^^^^^^^^^^^^^^^^^^^^^^^^^^^^^^
    ...<9 lines>...
    )
    ^
  File "C:\Python314\Lib\asyncio\subprocess.py", line 224, in create_subprocess_exec
    transport, protocol = await loop.subprocess_exec(
                          ^^^^^^^^^^^^^^^^^^^^^^^^^^^
    ...<3 lines>...
        stderr=stderr, **kwds)
        ^^^^^^^^^^^^^^^^^^^^^^
  File "C:\Python314\Lib\asyncio\base_events.py", line 1798, in subprocess_exec
    transport = await self._make_subprocess_transport(
                ^^^^^^^^^^^^^^^^^^^^^^^^^^^^^^^^^^^^^^
        protocol, popen_args, False, stdin, stdout, stderr,
        ^^^^^^^^^^^^^^^^^^^^^^^^^^^^^^^^^^^^^^^^^^^^^^^^^^^
        bufsize, **kwargs)
        ^^^^^^^^^^^^^^^^^^
  File "C:\Python314\Lib\asyncio\base_events.py", line 533, in _make_subprocess_transport
    raise NotImplementedError
NotImplementedError
2025-11-04 11:49:11,819 - ERROR - ERROR in scrape_trademarks: Exception type: NotImplementedError
2025-11-04 11:51:15,678 - INFO - Received request - formula: test..., spreadsheet_url: https://docs.google.com/spreadsheets/d/test123...
2025-11-04 11:51:15,678 - INFO - Starting USPTO data scraping...
2025-11-04 11:51:15,679 - ERROR - Task exception was never retrieved
future: <Task finished name='Task-51' coro=<Connection.run() done, defined at C:\Users\Mujtabaa\AppData\Roaming\Python\Python314\site-packages\playwright\_impl\_connection.py:303> exception=NotImplementedError()>
Traceback (most recent call last):
  File "C:\Users\Mujtabaa\AppData\Roaming\Python\Python314\site-packages\playwright\_impl\_connection.py", line 310, in run
    await self._transport.connect()
  File "C:\Users\Mujtabaa\AppData\Roaming\Python\Python314\site-packages\playwright\_impl\_transport.py", line 133, in connect
    raise exc
  File "C:\Users\Mujtabaa\AppData\Roaming\Python\Python314\site-packages\playwright\_impl\_transport.py", line 120, in connect
    self._proc = await asyncio.create_subprocess_exec(
                 ^^^^^^^^^^^^^^^^^^^^^^^^^^^^^^^^^^^^^
    ...<9 lines>...
    )
    ^
  File "C:\Python314\Lib\asyncio\subprocess.py", line 224, in create_subprocess_exec
    transport, protocol = await loop.subprocess_exec(
                          ^^^^^^^^^^^^^^^^^^^^^^^^^^^
    ...<3 lines>...
        stderr=stderr, **kwds)
        ^^^^^^^^^^^^^^^^^^^^^^
  File "C:\Python314\Lib\asyncio\base_events.py", line 1798, in subprocess_exec
    transport = await self._make_subprocess_transport(
                ^^^^^^^^^^^^^^^^^^^^^^^^^^^^^^^^^^^^^^
        protocol, popen_args, False, stdin, stdout, stderr,
        ^^^^^^^^^^^^^^^^^^^^^^^^^^^^^^^^^^^^^^^^^^^^^^^^^^^
        bufsize, **kwargs)
        ^^^^^^^^^^^^^^^^^^
  File "C:\Python314\Lib\asyncio\base_events.py", line 533, in _make_subprocess_transport
    raise NotImplementedError
NotImplementedError
2025-11-04 11:51:15,680 - ERROR - ERROR in scrape_trademarks: Exception type: NotImplementedError
